2025-03-06 09:55:53 [restartedMain] INFO  c.a.LocationVehiculesApplication - Starting LocationVehiculesApplication using Java 23.0.1 with PID 11520 (C:\Projet\09 - Projet\LocationVehicule\LocationVehicule\target\classes started by v.de.pontlevoye in C:\Projet\09 - Projet\LocationVehicule\LocationVehicule)
2025-03-06 09:55:53 [restartedMain] DEBUG c.a.LocationVehiculesApplication - Running with Spring Boot v3.4.2, Spring v6.2.2
2025-03-06 09:55:53 [restartedMain] INFO  c.a.LocationVehiculesApplication - No active profile set, falling back to 1 default profile: "default"
2025-03-06 09:56:00 [restartedMain] INFO  c.a.LocationVehiculesApplication - Started LocationVehiculesApplication in 7.602 seconds (process running for 8.661)
2025-03-06 10:07:08 [restartedMain] INFO  c.a.LocationVehiculesApplication - Starting LocationVehiculesApplication using Java 23.0.1 with PID 11520 (C:\Projet\09 - Projet\LocationVehicule\LocationVehicule\target\classes started by v.de.pontlevoye in C:\Projet\09 - Projet\LocationVehicule\LocationVehicule)
2025-03-06 10:07:08 [restartedMain] DEBUG c.a.LocationVehiculesApplication - Running with Spring Boot v3.4.2, Spring v6.2.2
2025-03-06 10:07:08 [restartedMain] INFO  c.a.LocationVehiculesApplication - No active profile set, falling back to 1 default profile: "default"
2025-03-06 10:07:09 [restartedMain] INFO  c.a.LocationVehiculesApplication - Started LocationVehiculesApplication in 1.198 seconds (process running for 678.002)
2025-03-06 10:07:11 [restartedMain] INFO  c.a.LocationVehiculesApplication - Starting LocationVehiculesApplication using Java 23.0.1 with PID 11520 (C:\Projet\09 - Projet\LocationVehicule\LocationVehicule\target\classes started by v.de.pontlevoye in C:\Projet\09 - Projet\LocationVehicule\LocationVehicule)
2025-03-06 10:07:11 [restartedMain] DEBUG c.a.LocationVehiculesApplication - Running with Spring Boot v3.4.2, Spring v6.2.2
2025-03-06 10:07:11 [restartedMain] INFO  c.a.LocationVehiculesApplication - No active profile set, falling back to 1 default profile: "default"
2025-03-06 10:07:12 [restartedMain] INFO  c.a.LocationVehiculesApplication - Started LocationVehiculesApplication in 0.962 seconds (process running for 680.508)
2025-03-06 10:40:14 [restartedMain] INFO  c.a.LocationVehiculesApplication - Starting LocationVehiculesApplication using Java 23.0.1 with PID 11108 (C:\Projet\09 - Projet\LocationVehicule\LocationVehicule\target\classes started by v.de.pontlevoye in C:\Projet\09 - Projet\LocationVehicule\LocationVehicule)
2025-03-06 10:40:14 [restartedMain] DEBUG c.a.LocationVehiculesApplication - Running with Spring Boot v3.4.2, Spring v6.2.2
2025-03-06 10:40:14 [restartedMain] INFO  c.a.LocationVehiculesApplication - No active profile set, falling back to 1 default profile: "default"
2025-03-06 10:40:20 [restartedMain] INFO  c.a.LocationVehiculesApplication - Started LocationVehiculesApplication in 6.756 seconds (process running for 7.636)
2025-03-06 10:41:30 [http-nio-8080-exec-2] ERROR c.a.c.vehicules.VoitureController - Echec lors de la création de la voiture
2025-03-06 10:42:42 [restartedMain] INFO  c.a.LocationVehiculesApplication - Starting LocationVehiculesApplication using Java 23.0.1 with PID 11108 (C:\Projet\09 - Projet\LocationVehicule\LocationVehicule\target\classes started by v.de.pontlevoye in C:\Projet\09 - Projet\LocationVehicule\LocationVehicule)
2025-03-06 10:42:42 [restartedMain] DEBUG c.a.LocationVehiculesApplication - Running with Spring Boot v3.4.2, Spring v6.2.2
2025-03-06 10:42:42 [restartedMain] INFO  c.a.LocationVehiculesApplication - No active profile set, falling back to 1 default profile: "default"
2025-03-06 10:42:44 [restartedMain] INFO  c.a.LocationVehiculesApplication - Started LocationVehiculesApplication in 2.155 seconds (process running for 151.241)
2025-03-06 10:42:46 [restartedMain] INFO  c.a.LocationVehiculesApplication - Starting LocationVehiculesApplication using Java 23.0.1 with PID 11108 (C:\Projet\09 - Projet\LocationVehicule\LocationVehicule\target\classes started by v.de.pontlevoye in C:\Projet\09 - Projet\LocationVehicule\LocationVehicule)
2025-03-06 10:42:46 [restartedMain] DEBUG c.a.LocationVehiculesApplication - Running with Spring Boot v3.4.2, Spring v6.2.2
2025-03-06 10:42:46 [restartedMain] INFO  c.a.LocationVehiculesApplication - No active profile set, falling back to 1 default profile: "default"
2025-03-06 10:42:47 [restartedMain] INFO  c.a.LocationVehiculesApplication - Started LocationVehiculesApplication in 1.492 seconds (process running for 154.299)
2025-03-06 10:42:59 [http-nio-8080-exec-1] ERROR c.a.c.vehicules.VoitureController - Echec lors de la création de la voiture
2025-03-06 10:46:34 [restartedMain] INFO  c.a.LocationVehiculesApplication - Starting LocationVehiculesApplication using Java 23.0.1 with PID 18616 (C:\Projet\09 - Projet\LocationVehicule\LocationVehicule\target\classes started by v.de.pontlevoye in C:\Projet\09 - Projet\LocationVehicule\LocationVehicule)
2025-03-06 10:46:34 [restartedMain] DEBUG c.a.LocationVehiculesApplication - Running with Spring Boot v3.4.2, Spring v6.2.2
2025-03-06 10:46:34 [restartedMain] INFO  c.a.LocationVehiculesApplication - No active profile set, falling back to 1 default profile: "default"
2025-03-06 10:46:43 [restartedMain] INFO  c.a.LocationVehiculesApplication - Started LocationVehiculesApplication in 9.384 seconds (process running for 10.693)
2025-03-06 10:46:51 [http-nio-8080-exec-1] ERROR c.a.c.vehicules.VoitureController - Echec lors de la création de la voiture
2025-03-06 11:01:40 [http-nio-8080-exec-2] INFO  c.a.controller.ClientController - Client crée avec succès
2025-03-06 11:01:49 [http-nio-8080-exec-3] INFO  c.a.controller.ClientController - La liste des clients récupérée avec succès
2025-03-06 11:03:11 [http-nio-8080-exec-5] INFO  c.a.controller.ClientController - Client trouvé avec succès pour l'email: v.l@gmail.com
2025-03-06 11:03:51 [http-nio-8080-exec-7] INFO  c.a.controller.ClientController - Client trouvé avec succès pour l'email: v.l@gmail.com
2025-03-06 11:06:22 [restartedMain] INFO  c.a.LocationVehiculesApplication - Starting LocationVehiculesApplication using Java 23.0.1 with PID 18616 (C:\Projet\09 - Projet\LocationVehicule\LocationVehicule\target\classes started by v.de.pontlevoye in C:\Projet\09 - Projet\LocationVehicule\LocationVehicule)
2025-03-06 11:06:22 [restartedMain] DEBUG c.a.LocationVehiculesApplication - Running with Spring Boot v3.4.2, Spring v6.2.2
2025-03-06 11:06:22 [restartedMain] INFO  c.a.LocationVehiculesApplication - No active profile set, falling back to 1 default profile: "default"
2025-03-06 11:06:23 [restartedMain] INFO  c.a.LocationVehiculesApplication - Started LocationVehiculesApplication in 1.435 seconds (process running for 1190.903)
2025-03-06 11:06:25 [restartedMain] INFO  c.a.LocationVehiculesApplication - Starting LocationVehiculesApplication using Java 23.0.1 with PID 18616 (C:\Projet\09 - Projet\LocationVehicule\LocationVehicule\target\classes started by v.de.pontlevoye in C:\Projet\09 - Projet\LocationVehicule\LocationVehicule)
2025-03-06 11:06:25 [restartedMain] DEBUG c.a.LocationVehiculesApplication - Running with Spring Boot v3.4.2, Spring v6.2.2
2025-03-06 11:06:25 [restartedMain] INFO  c.a.LocationVehiculesApplication - No active profile set, falling back to 1 default profile: "default"
2025-03-06 11:06:26 [restartedMain] INFO  c.a.LocationVehiculesApplication - Started LocationVehiculesApplication in 1.334 seconds (process running for 1193.75)
2025-03-06 11:08:20 [restartedMain] INFO  c.a.LocationVehiculesApplication - Starting LocationVehiculesApplication using Java 23.0.1 with PID 23616 (C:\Projet\09 - Projet\LocationVehicule\LocationVehicule\target\classes started by v.de.pontlevoye in C:\Projet\09 - Projet\LocationVehicule\LocationVehicule)
2025-03-06 11:08:20 [restartedMain] DEBUG c.a.LocationVehiculesApplication - Running with Spring Boot v3.4.2, Spring v6.2.2
2025-03-06 11:08:20 [restartedMain] INFO  c.a.LocationVehiculesApplication - No active profile set, falling back to 1 default profile: "default"
2025-03-06 11:08:30 [restartedMain] INFO  c.a.LocationVehiculesApplication - Started LocationVehiculesApplication in 9.791 seconds (process running for 11.769)
2025-03-06 11:08:56 [http-nio-8080-exec-6] ERROR c.a.c.vehicules.VoitureController - Echec lors de la création de la voiture
2025-03-06 11:10:47 [restartedMain] INFO  c.a.LocationVehiculesApplication - Starting LocationVehiculesApplication using Java 23.0.1 with PID 23616 (C:\Projet\09 - Projet\LocationVehicule\LocationVehicule\target\classes started by v.de.pontlevoye in C:\Projet\09 - Projet\LocationVehicule\LocationVehicule)
2025-03-06 11:10:47 [restartedMain] DEBUG c.a.LocationVehiculesApplication - Running with Spring Boot v3.4.2, Spring v6.2.2
2025-03-06 11:10:47 [restartedMain] INFO  c.a.LocationVehiculesApplication - No active profile set, falling back to 1 default profile: "default"
2025-03-06 11:10:48 [restartedMain] INFO  c.a.LocationVehiculesApplication - Started LocationVehiculesApplication in 1.456 seconds (process running for 150.019)
2025-03-06 11:10:50 [restartedMain] INFO  c.a.LocationVehiculesApplication - Starting LocationVehiculesApplication using Java 23.0.1 with PID 23616 (C:\Projet\09 - Projet\LocationVehicule\LocationVehicule\target\classes started by v.de.pontlevoye in C:\Projet\09 - Projet\LocationVehicule\LocationVehicule)
2025-03-06 11:10:50 [restartedMain] DEBUG c.a.LocationVehiculesApplication - Running with Spring Boot v3.4.2, Spring v6.2.2
2025-03-06 11:10:50 [restartedMain] INFO  c.a.LocationVehiculesApplication - No active profile set, falling back to 1 default profile: "default"
2025-03-06 11:10:51 [restartedMain] INFO  c.a.LocationVehiculesApplication - Started LocationVehiculesApplication in 1.579 seconds (process running for 153.171)
2025-03-06 11:11:04 [http-nio-8080-exec-5] ERROR c.a.c.vehicules.VoitureController - Echec lors de la création de la voiture
2025-03-06 11:11:30 [restartedMain] INFO  c.a.LocationVehiculesApplication - Starting LocationVehiculesApplication using Java 23.0.1 with PID 23616 (C:\Projet\09 - Projet\LocationVehicule\LocationVehicule\target\classes started by v.de.pontlevoye in C:\Projet\09 - Projet\LocationVehicule\LocationVehicule)
2025-03-06 11:11:30 [restartedMain] DEBUG c.a.LocationVehiculesApplication - Running with Spring Boot v3.4.2, Spring v6.2.2
2025-03-06 11:11:30 [restartedMain] INFO  c.a.LocationVehiculesApplication - No active profile set, falling back to 1 default profile: "default"
2025-03-06 11:11:33 [restartedMain] INFO  c.a.LocationVehiculesApplication - Starting LocationVehiculesApplication using Java 23.0.1 with PID 23616 (C:\Projet\09 - Projet\LocationVehicule\LocationVehicule\target\classes started by v.de.pontlevoye in C:\Projet\09 - Projet\LocationVehicule\LocationVehicule)
2025-03-06 11:11:33 [restartedMain] DEBUG c.a.LocationVehiculesApplication - Running with Spring Boot v3.4.2, Spring v6.2.2
2025-03-06 11:11:33 [restartedMain] INFO  c.a.LocationVehiculesApplication - No active profile set, falling back to 1 default profile: "default"
2025-03-06 11:11:34 [restartedMain] INFO  c.a.LocationVehiculesApplication - Started LocationVehiculesApplication in 0.871 seconds (process running for 196.032)
2025-03-06 11:11:39 [http-nio-8080-exec-1] ERROR c.a.c.vehicules.VoitureController - Echec lors de la création de la voiture
2025-03-06 11:11:58 [http-nio-8080-exec-6] ERROR c.a.c.vehicules.VoitureController - Echec lors de la création de la voiture
2025-03-06 11:12:45 [http-nio-8080-exec-1] ERROR c.a.c.vehicules.VoitureController - Echec lors de la création de la voiture
2025-03-06 11:16:08 [restartedMain] INFO  c.a.LocationVehiculesApplication - Starting LocationVehiculesApplication using Java 23.0.1 with PID 18948 (C:\Projet\09 - Projet\LocationVehicule\LocationVehicule\target\classes started by v.de.pontlevoye in C:\Projet\09 - Projet\LocationVehicule\LocationVehicule)
2025-03-06 11:16:08 [restartedMain] DEBUG c.a.LocationVehiculesApplication - Running with Spring Boot v3.4.2, Spring v6.2.2
2025-03-06 11:16:08 [restartedMain] INFO  c.a.LocationVehiculesApplication - No active profile set, falling back to 1 default profile: "default"
2025-03-06 11:16:17 [restartedMain] INFO  c.a.LocationVehiculesApplication - Started LocationVehiculesApplication in 9.456 seconds (process running for 10.411)
2025-03-06 11:16:47 [http-nio-8080-exec-4] ERROR c.a.c.vehicules.VoitureController - Echec lors de la création de la voiture
2025-03-06 11:19:17 [restartedMain] INFO  c.a.LocationVehiculesApplication - Starting LocationVehiculesApplication using Java 23.0.1 with PID 18948 (C:\Projet\09 - Projet\LocationVehicule\LocationVehicule\target\classes started by v.de.pontlevoye in C:\Projet\09 - Projet\LocationVehicule\LocationVehicule)
2025-03-06 11:19:17 [restartedMain] DEBUG c.a.LocationVehiculesApplication - Running with Spring Boot v3.4.2, Spring v6.2.2
2025-03-06 11:19:17 [restartedMain] INFO  c.a.LocationVehiculesApplication - No active profile set, falling back to 1 default profile: "default"
2025-03-06 11:19:19 [restartedMain] INFO  c.a.LocationVehiculesApplication - Started LocationVehiculesApplication in 1.171 seconds (process running for 192.265)
2025-03-06 11:19:20 [restartedMain] INFO  c.a.LocationVehiculesApplication - Starting LocationVehiculesApplication using Java 23.0.1 with PID 18948 (C:\Projet\09 - Projet\LocationVehicule\LocationVehicule\target\classes started by v.de.pontlevoye in C:\Projet\09 - Projet\LocationVehicule\LocationVehicule)
2025-03-06 11:19:20 [restartedMain] DEBUG c.a.LocationVehiculesApplication - Running with Spring Boot v3.4.2, Spring v6.2.2
2025-03-06 11:19:20 [restartedMain] INFO  c.a.LocationVehiculesApplication - No active profile set, falling back to 1 default profile: "default"
2025-03-06 11:19:21 [restartedMain] INFO  c.a.LocationVehiculesApplication - Started LocationVehiculesApplication in 1.291 seconds (process running for 195.082)
2025-03-06 11:19:26 [http-nio-8080-exec-1] ERROR c.a.c.vehicules.VoitureController - Echec lors de la création de la voiture
2025-03-06 11:43:37 [restartedMain] INFO  c.a.LocationVehiculesApplication - Starting LocationVehiculesApplication using Java 23.0.1 with PID 18948 (C:\Projet\09 - Projet\LocationVehicule\LocationVehicule\target\classes started by v.de.pontlevoye in C:\Projet\09 - Projet\LocationVehicule\LocationVehicule)
2025-03-06 11:43:37 [restartedMain] DEBUG c.a.LocationVehiculesApplication - Running with Spring Boot v3.4.2, Spring v6.2.2
2025-03-06 11:43:37 [restartedMain] INFO  c.a.LocationVehiculesApplication - No active profile set, falling back to 1 default profile: "default"
2025-03-06 11:43:38 [restartedMain] INFO  c.a.LocationVehiculesApplication - Started LocationVehiculesApplication in 0.953 seconds (process running for 1651.674)
2025-03-06 11:43:40 [restartedMain] INFO  c.a.LocationVehiculesApplication - Starting LocationVehiculesApplication using Java 23.0.1 with PID 18948 (C:\Projet\09 - Projet\LocationVehicule\LocationVehicule\target\classes started by v.de.pontlevoye in C:\Projet\09 - Projet\LocationVehicule\LocationVehicule)
2025-03-06 11:43:40 [restartedMain] DEBUG c.a.LocationVehiculesApplication - Running with Spring Boot v3.4.2, Spring v6.2.2
2025-03-06 11:43:40 [restartedMain] INFO  c.a.LocationVehiculesApplication - No active profile set, falling back to 1 default profile: "default"
2025-03-06 11:43:40 [restartedMain] INFO  c.a.LocationVehiculesApplication - Started LocationVehiculesApplication in 0.797 seconds (process running for 1653.974)
2025-03-06 11:44:00 [http-nio-8080-exec-5] INFO  c.a.controller.AdminController - Administrateur créer avec succès
2025-03-06 11:44:43 [http-nio-8080-exec-6] INFO  c.a.controller.AdminController - L admin à bien été modifier partiellement
2025-03-06 11:45:02 [http-nio-8080-exec-8] INFO  c.a.controller.AdminController - La liste des administrateurs récupérée avec succès
2025-03-06 12:27:01 [restartedMain] INFO  c.a.LocationVehiculesApplication - Starting LocationVehiculesApplication using Java 23.0.1 with PID 18948 (C:\Projet\09 - Projet\LocationVehicule\LocationVehicule\target\classes started by v.de.pontlevoye in C:\Projet\09 - Projet\LocationVehicule\LocationVehicule)
2025-03-06 12:27:01 [restartedMain] DEBUG c.a.LocationVehiculesApplication - Running with Spring Boot v3.4.2, Spring v6.2.2
2025-03-06 12:27:01 [restartedMain] INFO  c.a.LocationVehiculesApplication - No active profile set, falling back to 1 default profile: "default"
2025-03-06 12:27:04 [restartedMain] INFO  c.a.LocationVehiculesApplication - Starting LocationVehiculesApplication using Java 23.0.1 with PID 18948 (C:\Projet\09 - Projet\LocationVehicule\LocationVehicule\target\classes started by v.de.pontlevoye in C:\Projet\09 - Projet\LocationVehicule\LocationVehicule)
2025-03-06 12:27:04 [restartedMain] DEBUG c.a.LocationVehiculesApplication - Running with Spring Boot v3.4.2, Spring v6.2.2
2025-03-06 12:27:04 [restartedMain] INFO  c.a.LocationVehiculesApplication - No active profile set, falling back to 1 default profile: "default"
2025-03-06 12:27:07 [restartedMain] INFO  c.a.LocationVehiculesApplication - Starting LocationVehiculesApplication using Java 23.0.1 with PID 18948 (C:\Projet\09 - Projet\LocationVehicule\LocationVehicule\target\classes started by v.de.pontlevoye in C:\Projet\09 - Projet\LocationVehicule\LocationVehicule)
2025-03-06 12:27:07 [restartedMain] DEBUG c.a.LocationVehiculesApplication - Running with Spring Boot v3.4.2, Spring v6.2.2
2025-03-06 12:27:07 [restartedMain] INFO  c.a.LocationVehiculesApplication - No active profile set, falling back to 1 default profile: "default"
2025-03-06 12:27:08 [restartedMain] INFO  c.a.LocationVehiculesApplication - Started LocationVehiculesApplication in 1.421 seconds (process running for 4261.587)
2025-03-06 12:27:46 [http-nio-8080-exec-1] INFO  c.a.c.vehicules.VoitureController - La création de la voiture à été réalisée avec succès
2025-03-06 12:28:53 [http-nio-8080-exec-10] INFO  c.a.c.vehicules.VoitureController - La liste des voitures à été récuperée avec succès
2025-03-06 12:29:03 [http-nio-8080-exec-1] INFO  c.a.c.vehicules.VoitureController - La création de la voiture à été réalisée avec succès
2025-03-06 12:29:13 [http-nio-8080-exec-3] INFO  c.a.c.vehicules.VoitureController - La liste des voitures à été récuperée avec succès
2025-03-06 12:29:33 [http-nio-8080-exec-4] INFO  c.a.c.vehicules.VoitureController - Le client à bien été modifier partiellement
2025-03-06 12:30:51 [restartedMain] INFO  c.a.LocationVehiculesApplication - Starting LocationVehiculesApplication using Java 23.0.1 with PID 18948 (C:\Projet\09 - Projet\LocationVehicule\LocationVehicule\target\classes started by v.de.pontlevoye in C:\Projet\09 - Projet\LocationVehicule\LocationVehicule)
2025-03-06 12:30:51 [restartedMain] DEBUG c.a.LocationVehiculesApplication - Running with Spring Boot v3.4.2, Spring v6.2.2
2025-03-06 12:30:51 [restartedMain] INFO  c.a.LocationVehiculesApplication - No active profile set, falling back to 1 default profile: "default"
2025-03-06 12:30:53 [restartedMain] INFO  c.a.LocationVehiculesApplication - Starting LocationVehiculesApplication using Java 23.0.1 with PID 18948 (C:\Projet\09 - Projet\LocationVehicule\LocationVehicule\target\classes started by v.de.pontlevoye in C:\Projet\09 - Projet\LocationVehicule\LocationVehicule)
2025-03-06 12:30:53 [restartedMain] DEBUG c.a.LocationVehiculesApplication - Running with Spring Boot v3.4.2, Spring v6.2.2
2025-03-06 12:30:53 [restartedMain] INFO  c.a.LocationVehiculesApplication - No active profile set, falling back to 1 default profile: "default"
2025-03-06 12:30:53 [restartedMain] INFO  c.a.LocationVehiculesApplication - Started LocationVehiculesApplication in 0.597 seconds (process running for 4487.095)
2025-03-06 14:03:52 [restartedMain] INFO  c.a.LocationVehiculesApplication - Starting LocationVehiculesApplication using Java 23.0.1 with PID 15364 (C:\Projet\09 - Projet\LocationVehicule\LocationVehicule\target\classes started by v.de.pontlevoye in C:\Projet\09 - Projet\LocationVehicule\LocationVehicule)
2025-03-06 14:03:52 [restartedMain] DEBUG c.a.LocationVehiculesApplication - Running with Spring Boot v3.4.2, Spring v6.2.2
2025-03-06 14:03:52 [restartedMain] INFO  c.a.LocationVehiculesApplication - No active profile set, falling back to 1 default profile: "default"
2025-03-06 14:04:08 [restartedMain] INFO  c.a.LocationVehiculesApplication - Started LocationVehiculesApplication in 17.051 seconds (process running for 20.456)
2025-03-06 14:04:31 [restartedMain] INFO  c.a.LocationVehiculesApplication - Starting LocationVehiculesApplication using Java 23.0.1 with PID 22212 (C:\Projet\09 - Projet\LocationVehicule\LocationVehicule\target\classes started by v.de.pontlevoye in C:\Projet\09 - Projet\LocationVehicule\LocationVehicule)
2025-03-06 14:04:31 [restartedMain] DEBUG c.a.LocationVehiculesApplication - Running with Spring Boot v3.4.2, Spring v6.2.2
2025-03-06 14:04:31 [restartedMain] INFO  c.a.LocationVehiculesApplication - No active profile set, falling back to 1 default profile: "default"
2025-03-06 14:04:40 [restartedMain] INFO  c.a.LocationVehiculesApplication - Started LocationVehiculesApplication in 9.684 seconds (process running for 10.581)
2025-03-06 15:46:03 [restartedMain] INFO  c.a.LocationVehiculesApplication - Starting LocationVehiculesApplication using Java 23.0.1 with PID 6608 (C:\Projet\09 - Projet\LocationVehicule\LocationVehicule\target\classes started by v.de.pontlevoye in C:\Projet\09 - Projet\LocationVehicule\LocationVehicule)
2025-03-06 15:46:03 [restartedMain] DEBUG c.a.LocationVehiculesApplication - Running with Spring Boot v3.4.2, Spring v6.2.2
2025-03-06 15:46:03 [restartedMain] INFO  c.a.LocationVehiculesApplication - No active profile set, falling back to 1 default profile: "default"
2025-03-06 15:46:10 [restartedMain] INFO  c.a.LocationVehiculesApplication - Started LocationVehiculesApplication in 7.381 seconds (process running for 9.416)
2025-03-06 16:09:26 [restartedMain] INFO  c.a.LocationVehiculesApplication - Starting LocationVehiculesApplication using Java 23.0.1 with PID 6608 (C:\Projet\09 - Projet\LocationVehicule\LocationVehicule\target\classes started by v.de.pontlevoye in C:\Projet\09 - Projet\LocationVehicule\LocationVehicule)
2025-03-06 16:09:26 [restartedMain] DEBUG c.a.LocationVehiculesApplication - Running with Spring Boot v3.4.2, Spring v6.2.2
2025-03-06 16:09:26 [restartedMain] INFO  c.a.LocationVehiculesApplication - No active profile set, falling back to 1 default profile: "default"
2025-03-06 16:09:36 [restartedMain] INFO  c.a.LocationVehiculesApplication - Starting LocationVehiculesApplication using Java 23.0.1 with PID 6608 (C:\Projet\09 - Projet\LocationVehicule\LocationVehicule\target\classes started by v.de.pontlevoye in C:\Projet\09 - Projet\LocationVehicule\LocationVehicule)
2025-03-06 16:09:36 [restartedMain] DEBUG c.a.LocationVehiculesApplication - Running with Spring Boot v3.4.2, Spring v6.2.2
2025-03-06 16:09:36 [restartedMain] INFO  c.a.LocationVehiculesApplication - No active profile set, falling back to 1 default profile: "default"
2025-03-06 16:09:38 [restartedMain] INFO  c.a.LocationVehiculesApplication - Started LocationVehiculesApplication in 2.048 seconds (process running for 1416.581)
2025-03-06 16:09:56 [restartedMain] INFO  c.a.LocationVehiculesApplication - Starting LocationVehiculesApplication using Java 23.0.1 with PID 7780 (C:\Projet\09 - Projet\LocationVehicule\LocationVehicule\target\classes started by v.de.pontlevoye in C:\Projet\09 - Projet\LocationVehicule\LocationVehicule)
2025-03-06 16:09:56 [restartedMain] DEBUG c.a.LocationVehiculesApplication - Running with Spring Boot v3.4.2, Spring v6.2.2
2025-03-06 16:09:56 [restartedMain] INFO  c.a.LocationVehiculesApplication - No active profile set, falling back to 1 default profile: "default"
2025-03-06 16:10:05 [restartedMain] INFO  c.a.LocationVehiculesApplication - Started LocationVehiculesApplication in 8.795 seconds (process running for 9.95)
2025-03-06 16:12:34 [main] ERROR c.a.service.ClientServiceImplTest - Je n'ai pas trouvé l'email
2025-03-06 16:15:19 [main] INFO  c.a.service.ClientServiceImplTest - Je n'ai pas trouvé l'email
2025-03-06 16:15:59 [main] INFO  c.a.service.ClientServiceImplTest - Je n'ai pas trouvé
2025-03-06 16:17:27 [main] INFO  c.a.service.ClientServiceImplTest - Utilisateur trouvé
2025-03-06 16:18:26 [main] INFO  c.a.service.ClientServiceImplTest - Liste des clients trouvé
2025-03-06 16:19:48 [main] INFO  c.a.service.ClientServiceImplTest - Ajout réussis
2025-03-06 16:25:38 [main] INFO  c.a.service.ClientServiceImplTest - Utilisateur trouvé
2025-03-06 16:25:38 [main] INFO  c.a.service.ClientServiceImplTest - Liste des clients trouvé
2025-03-06 16:25:38 [main] INFO  c.a.service.ClientServiceImplTest - L'ajout est bien null
2025-03-06 16:25:38 [main] INFO  c.a.service.ClientServiceImplTest - Ajout réussis
2025-03-06 16:25:38 [main] INFO  c.a.service.ClientServiceImplTest - Je n'ai pas trouvé l'email
2025-03-06 16:26:17 [main] INFO  c.a.service.ClientServiceImplTest - Utilisateur trouvé
2025-03-06 16:26:17 [main] INFO  c.a.service.ClientServiceImplTest - Liste des clients trouvé
2025-03-06 16:26:17 [main] INFO  c.a.service.ClientServiceImplTest - L'ajout est bien null
2025-03-06 16:26:17 [main] INFO  c.a.service.ClientServiceImplTest - Ajout réussis
2025-03-06 16:26:17 [main] INFO  c.a.service.ClientServiceImplTest - Je n'ai pas trouvé l'email
2025-03-06 16:57:25 [main] INFO  c.a.service.ClientServiceImplTest - Utilisateur trouvé
2025-03-06 16:57:25 [main] INFO  c.a.service.ClientServiceImplTest - Liste des clients trouvé
2025-03-06 16:57:25 [main] INFO  c.a.service.ClientServiceImplTest - L'ajout est bien null
2025-03-06 16:57:25 [main] INFO  c.a.service.ClientServiceImplTest - Ajout réussis
2025-03-06 16:57:25 [main] INFO  c.a.service.ClientServiceImplTest - Je n'ai pas trouvé l'email
